[2026-02-10T09:54:37.563Z] [API/Products] Request received - Page: 1, Stage: ALL
[2026-02-10T09:54:37.564Z] Initializing DB table...
[2026-02-10T09:54:39.616Z] [API/Products] Request received - Page: 1, Stage: ALL
[2026-02-10T09:54:39.616Z] Initializing DB table...
[2026-02-10T09:54:42.600Z] [API/Products] Request received - Page: 1, Stage: ALL
[2026-02-10T09:54:42.601Z] Initializing DB table...
[2026-02-10T09:54:47.530Z] [API/Products] Request received - Page: 1, Stage: ALL
[2026-02-10T09:54:47.531Z] Initializing DB table...
[2026-02-10T09:55:02.456Z] [API/Products] Request received - Page: 1, Stage: ALL
[2026-02-10T09:55:02.457Z] Initializing DB table...
[2026-02-10T09:56:04.107Z] [API/Products] Request received - Page: 1, Stage: ALL
[2026-02-10T09:56:04.107Z] Initializing DB table...
[DB] Query: 
            CREATE TABLE IF NOT EXISTS product_ov... | Mode: Cloud
[2026-02-10T12:16:21.303Z] [API/Products] Request received - Page: 1, Stage: ALL
[2026-02-10T12:16:21.332Z] Authenticating with Naver...
[2026-02-10T12:16:21.494Z] Token acquired successfully
[2026-02-10T12:16:21.495Z] Fetching products from Proxy (Term: )...
[2026-02-10T12:16:21.674Z] Proxy returned 5 items
[2026-02-10T12:20:37.594Z] [API/Products] Request received - Page: 1, Stage: ALL
[2026-02-10T12:20:37.594Z] Authenticating with Naver...
[2026-02-10T12:20:37.595Z] Token acquired successfully
[2026-02-10T12:20:37.596Z] Fetching products from Proxy (Term: )...
[2026-02-10T12:20:37.880Z] Proxy returned 5 items
